<?xml version="1.0" encoding="UTF-8"?>
<testsuite xmlns:xsi="http://www.w3.org/2001/XMLSchema-instance" xsi:noNamespaceSchemaLocation="https://maven.apache.org/surefire/maven-surefire-plugin/xsd/surefire-test-report-3.0.xsd" version="3.0" name="com.excelReuniones.excelReuniones.ExcelReunionesApplicationTests" time="4.068" tests="1" errors="0" skipped="0" failures="0">
  <properties>
[...]
</properties>
  <testcase name="contextLoads" classname="com.excelReuniones.excelReuniones.ExcelReunionesApplicationTests" time="1.147">
    <system-out><![CDATA[20:34:45.276 [main] INFO org.springframework.test.context.support.AnnotationConfigContextLoaderUtils -- Could not detect default configuration classes for test class [com.excelReuniones.excelReuniones.ExcelReunionesApplicationTests]: ExcelReunionesApplicationTests does not declare any static, non-private, non-final, nested classes annotated with @Configuration.
20:34:45.515 [main] INFO org.springframework.boot.test.context.SpringBootTestContextBootstrapper -- Found @SpringBootConfiguration com.excelReuniones.excelReuniones.ExcelReunionesApplication for test class com.excelReuniones.excelReuniones.ExcelReunionesApplicationTests
20:34:45.810 [main] INFO org.springframework.boot.devtools.restart.RestartApplicationListener -- Restart disabled due to context in which it is running

  .   ____          _            __ _ _
 /\\ / ___'_ __ _ _(_)_ __  __ _ \ \ \ \
( ( )\___ | '_ | '_| | '_ \/ _` | \ \ \ \
 \\/  ___)| |_)| | | | | || (_| |  ) ) ) )
  '  |____| .__|_| |_|_| |_\__, | / / / /
 =========|_|==============|___/=/_/_/_/
 :: Spring Boot ::                (v3.2.5)

2024-05-11T20:34:46.134+02:00  INFO 7560 --- [excelReuniones] [           main] c.e.e.ExcelReunionesApplicationTests     : Starting ExcelReunionesApplicationTests using Java 19.0.1 with PID 7560 (started by Iker in C:\Users\Iker\eclipse-workspace\Excel_Reuniones)
2024-05-11T20:34:46.136+02:00  INFO 7560 --- [excelReuniones] [           main] c.e.e.ExcelReunionesApplicationTests     : No active profile set, falling back to 1 default profile: "default"
2024-05-11T20:34:47.936+02:00  INFO 7560 --- [excelReuniones] [           main] c.e.e.ExcelReunionesApplicationTests     : Started ExcelReunionesApplicationTests in 2.141 seconds (process running for 3.605)
]]></system-out>
  </testcase>
</testsuite>